mode: set
urlshortner/metrics/metrics.go:10.57,12.32 1 1
urlshortner/metrics/metrics.go:12.32,15.3 2 1
urlshortner/metrics/metrics.go:17.2,18.17 2 1
urlshortner/metrics/metrics.go:18.17,21.3 2 1
urlshortner/metrics/metrics.go:21.8,23.3 1 0
urlshortner/metrics/metrics.go:25.2,31.40 3 0
urlshortner/metrics/metrics.go:31.40,33.3 1 0
urlshortner/metrics/metrics.go:35.2,35.37 1 0
urlshortner/metrics/metrics.go:35.37,37.3 1 0
urlshortner/metrics/metrics.go:39.2,39.33 1 0
urlshortner/metrics/metrics.go:39.33,41.3 1 0
urlshortner/metrics/metrics.go:43.2,43.38 1 0
